[2021-03-05 22:32:39] local.ERROR: Command "serve" is not defined. {"exception":"[object] (Symfony\\Component\\Console\\Exception\\CommandNotFoundException(code: 0): Command \"serve\" is not defined. at C:\\xampp\\htdocs\\lumen\\vendor\\symfony\\console\\Application.php:675)
[stacktrace]
#0 C:\\xampp\\htdocs\\lumen\\vendor\\symfony\\console\\Application.php(254): Symfony\\Component\\Console\\Application->find('serve')
#1 C:\\xampp\\htdocs\\lumen\\vendor\\symfony\\console\\Application.php(166): Symfony\\Component\\Console\\Application->doRun(Object(Symfony\\Component\\Console\\Input\\ArgvInput), Object(Symfony\\Component\\Console\\Output\\ConsoleOutput))
#2 C:\\xampp\\htdocs\\lumen\\vendor\\illuminate\\console\\Application.php(92): Symfony\\Component\\Console\\Application->run(Object(Symfony\\Component\\Console\\Input\\ArgvInput), Object(Symfony\\Component\\Console\\Output\\ConsoleOutput))
#3 C:\\xampp\\htdocs\\lumen\\vendor\\laravel\\lumen-framework\\src\\Console\\Kernel.php(116): Illuminate\\Console\\Application->run(Object(Symfony\\Component\\Console\\Input\\ArgvInput), Object(Symfony\\Component\\Console\\Output\\ConsoleOutput))
#4 C:\\xampp\\htdocs\\lumen\\artisan(35): Laravel\\Lumen\\Console\\Kernel->handle(Object(Symfony\\Component\\Console\\Input\\ArgvInput), Object(Symfony\\Component\\Console\\Output\\ConsoleOutput))
#5 {main}
"} 
[2021-03-05 22:35:57] local.ERROR: Call to a member function connection() on null {"exception":"[object] (Error(code: 0): Call to a member function connection() on null at C:\\xampp\\htdocs\\lumen\\vendor\\illuminate\\database\\Eloquent\\Model.php:1493)
[stacktrace]
#0 C:\\xampp\\htdocs\\lumen\\vendor\\illuminate\\database\\Eloquent\\Model.php(1459): Illuminate\\Database\\Eloquent\\Model::resolveConnection(NULL)
#1 C:\\xampp\\htdocs\\lumen\\vendor\\illuminate\\database\\Eloquent\\Model.php(1266): Illuminate\\Database\\Eloquent\\Model->getConnection()
#2 C:\\xampp\\htdocs\\lumen\\vendor\\illuminate\\database\\Eloquent\\Model.php(1183): Illuminate\\Database\\Eloquent\\Model->newBaseQueryBuilder()
#3 C:\\xampp\\htdocs\\lumen\\vendor\\illuminate\\database\\Eloquent\\Model.php(1219): Illuminate\\Database\\Eloquent\\Model->newModelQuery()
#4 C:\\xampp\\htdocs\\lumen\\vendor\\illuminate\\database\\Eloquent\\Model.php(1172): Illuminate\\Database\\Eloquent\\Model->newQueryWithoutScopes()
#5 C:\\xampp\\htdocs\\lumen\\vendor\\illuminate\\database\\Eloquent\\Model.php(1162): Illuminate\\Database\\Eloquent\\Model->newQuery()
#6 C:\\xampp\\htdocs\\lumen\\vendor\\illuminate\\database\\Eloquent\\Model.php(475): Illuminate\\Database\\Eloquent\\Model::query()
#7 C:\\xampp\\htdocs\\lumen\\app\\Http\\Controllers\\ProductController.php(13): Illuminate\\Database\\Eloquent\\Model::all()
#8 C:\\xampp\\htdocs\\lumen\\vendor\\illuminate\\container\\BoundMethod.php(36): App\\Http\\Controllers\\ProductController->showAll()
#9 C:\\xampp\\htdocs\\lumen\\vendor\\illuminate\\container\\Util.php(40): Illuminate\\Container\\BoundMethod::Illuminate\\Container\\{closure}()
#10 C:\\xampp\\htdocs\\lumen\\vendor\\illuminate\\container\\BoundMethod.php(93): Illuminate\\Container\\Util::unwrapIfClosure(Object(Closure))
#11 C:\\xampp\\htdocs\\lumen\\vendor\\illuminate\\container\\BoundMethod.php(37): Illuminate\\Container\\BoundMethod::callBoundMethod(Object(Laravel\\Lumen\\Application), Array, Object(Closure))
#12 C:\\xampp\\htdocs\\lumen\\vendor\\illuminate\\container\\Container.php(610): Illuminate\\Container\\BoundMethod::call(Object(Laravel\\Lumen\\Application), Array, Array, NULL)
#13 C:\\xampp\\htdocs\\lumen\\vendor\\laravel\\lumen-framework\\src\\Concerns\\RoutesRequests.php(386): Illuminate\\Container\\Container->call(Array, Array)
#14 C:\\xampp\\htdocs\\lumen\\vendor\\laravel\\lumen-framework\\src\\Concerns\\RoutesRequests.php(352): Laravel\\Lumen\\Application->callControllerCallable(Array, Array)
#15 C:\\xampp\\htdocs\\lumen\\vendor\\laravel\\lumen-framework\\src\\Concerns\\RoutesRequests.php(326): Laravel\\Lumen\\Application->callLumenController(Object(App\\Http\\Controllers\\ProductController), 'showAll', Array)
#16 C:\\xampp\\htdocs\\lumen\\vendor\\laravel\\lumen-framework\\src\\Concerns\\RoutesRequests.php(279): Laravel\\Lumen\\Application->callControllerAction(Array)
#17 C:\\xampp\\htdocs\\lumen\\vendor\\laravel\\lumen-framework\\src\\Concerns\\RoutesRequests.php(264): Laravel\\Lumen\\Application->callActionOnArrayBasedRoute(Array)
#18 C:\\xampp\\htdocs\\lumen\\vendor\\laravel\\lumen-framework\\src\\Concerns\\RoutesRequests.php(166): Laravel\\Lumen\\Application->handleFoundRoute(Array)
#19 C:\\xampp\\htdocs\\lumen\\vendor\\laravel\\lumen-framework\\src\\Concerns\\RoutesRequests.php(426): Laravel\\Lumen\\Application->Laravel\\Lumen\\Concerns\\{closure}(Object(Laravel\\Lumen\\Http\\Request))
#20 C:\\xampp\\htdocs\\lumen\\vendor\\laravel\\lumen-framework\\src\\Concerns\\RoutesRequests.php(172): Laravel\\Lumen\\Application->sendThroughPipeline(Array, Object(Closure))
#21 C:\\xampp\\htdocs\\lumen\\vendor\\laravel\\lumen-framework\\src\\Concerns\\RoutesRequests.php(109): Laravel\\Lumen\\Application->dispatch(NULL)
#22 C:\\xampp\\htdocs\\lumen\\public\\index.php(28): Laravel\\Lumen\\Application->run()
#23 {main}
"} 
